<?xml version="1.0" encoding="UTF-8"?>
<testng-results skipped="0" failed="0" ignored="0" total="0" passed="0">
  <reporter-output>
  </reporter-output>
  <suite name="com.techfios.Session8ExcelProject.AppTest" duration-ms="14" started-at="2020-11-15T15:57:25Z" finished-at="2020-11-15T15:57:25Z">
    <groups>
    </groups>
    <test name="Command line test" duration-ms="14" started-at="2020-11-15T15:57:25Z" finished-at="2020-11-15T15:57:25Z">
    </test> <!-- Command line test -->
  </suite> <!-- com.techfios.Session8ExcelProject.AppTest -->
</testng-results>
