<?xml version="1.0" encoding="UTF-8"?>
<testng-results skipped="0" failed="0" ignored="0" total="1" passed="1">
  <reporter-output>
  </reporter-output>
  <suite name="Default suite" duration-ms="27434" started-at="2021-01-11T14:46:58 CST" finished-at="2021-01-11T14:47:26 CST">
    <groups>
    </groups>
    <test name="Default test" duration-ms="27434" started-at="2021-01-11T14:46:58 CST" finished-at="2021-01-11T14:47:26 CST">
      <class name="test.AddCustomerTest">
        <test-method status="PASS" signature="userShouldbealbetoAddCustomer()[pri:0, instance:test.AddCustomerTest@776aec5c]" name="userShouldbealbetoAddCustomer" duration-ms="27388" started-at="2021-01-11T14:46:58 CST" finished-at="2021-01-11T14:47:26 CST">
          <reporter-output>
          </reporter-output>
        </test-method> <!-- userShouldbealbetoAddCustomer -->
      </class> <!-- test.AddCustomerTest -->
    </test> <!-- Default test -->
  </suite> <!-- Default suite -->
</testng-results>
